Flutter crash report.
Please report a bug at https://github.com/flutter/flutter/issues.

## command

flutter pub add background_fetch

## exception

PathNotFoundException: PathNotFoundException: Deletion failed, path = 'C:\Users\Training\OneDrive\Documents\GitHub\flutter_desktop\flutter_knight_player\windows\flutter\ephemeral\.plugin_symlinks' (OS Error: The system cannot find the file specified.
, errno = 2)

```
#0      _Directory._deleteSync (dart:io/directory_impl.dart:193:7)
#1      FileSystemEntity.deleteSync (dart:io/file_system_entity.dart:424:7)
#2      ForwardingFileSystemEntity.deleteSync (package:file/src/forwarding/forwarding_file_system_entity.dart:70:16)
#3      ErrorHandlingDirectory.deleteSync.<anonymous closure> (package:flutter_tools/src/base/error_handling_io.dart:481:22)
#4      _runSync (package:flutter_tools/src/base/error_handling_io.dart:590:14)
#5      ErrorHandlingDirectory.deleteSync (package:flutter_tools/src/base/error_handling_io.dart:480:12)
#6      _createPlatformPluginSymlinks (package:flutter_tools/src/flutter_plugins.dart:1041:22)
#7      createPluginSymlinks (package:flutter_tools/src/flutter_plugins.dart:985:5)
#8      refreshPluginsList (package:flutter_tools/src/flutter_plugins.dart:1087:5)
<asynchronous suspension>
#9      FlutterProject.ensureReadyForPlatformSpecificTooling (package:flutter_tools/src/project.dart:355:5)
<asynchronous suspension>
#10     PackagesGetCommand.runCommand (package:flutter_tools/src/commands/packages.dart:326:7)
<asynchronous suspension>
#11     FlutterCommand.run.<anonymous closure> (package:flutter_tools/src/runner/flutter_command.dart:1336:27)
<asynchronous suspension>
#12     AppContext.run.<anonymous closure> (package:flutter_tools/src/base/context.dart:150:19)
<asynchronous suspension>
#13     CommandRunner.runCommand (package:args/command_runner.dart:212:13)
<asynchronous suspension>
#14     FlutterCommandRunner.runCommand.<anonymous closure> (package:flutter_tools/src/runner/flutter_command_runner.dart:296:9)
<asynchronous suspension>
#15     AppContext.run.<anonymous closure> (package:flutter_tools/src/base/context.dart:150:19)
<asynchronous suspension>
#16     FlutterCommandRunner.runCommand (package:flutter_tools/src/runner/flutter_command_runner.dart:244:5)
<asynchronous suspension>
#17     run.<anonymous closure>.<anonymous closure> (package:flutter_tools/runner.dart:91:9)
<asynchronous suspension>
#18     AppContext.run.<anonymous closure> (package:flutter_tools/src/base/context.dart:150:19)
<asynchronous suspension>
#19     main (package:flutter_tools/executable.dart:91:3)
<asynchronous suspension>
```

## flutter doctor

```
[✓] Flutter (Channel stable, 3.10.4, on Microsoft Windows [Version 10.0.22621.1702], locale en-ZA)
    • Flutter version 3.10.4 on channel stable at C:\flutter
    • Upstream repository https://github.com/flutter/flutter.git
    • Framework revision 682aa387cf (2 weeks ago), 2023-06-05 18:04:56 -0500
    • Engine revision 2a3401c9bb
    • Dart version 3.0.3
    • DevTools version 2.23.1

[✓] Windows Version (Installed version of Windows is version 10 or higher)

[✓] Android toolchain - develop for Android devices (Android SDK version 33.0.2)
    • Android SDK at C:\Users\Training\AppData\Local\Android\Sdk
    • Platform android-33, build-tools 33.0.2
    • Java binary at: C:\Program Files\Common Files\Oracle\Java\javapath\java.exe
    • Java version Java(TM) SE Runtime Environment (build 20.0.1+9-29)
    • All Android licenses accepted.

[✓] Chrome - develop for the web
    • Chrome at C:\Program Files\Google\Chrome\Application\chrome.exe

[✓] Visual Studio - develop for Windows (Visual Studio Build Tools 2019 16.11.26)
    • Visual Studio at C:\Program Files (x86)\Microsoft Visual Studio\2019\BuildTools
    • Visual Studio Build Tools 2019 version 16.11.33529.622
    • Windows 10 SDK version 10.0.22000.0

[✓] Android Studio (version 2022.2)
    • Android Studio at C:\Program Files\Android\Android Studio
    • Flutter plugin can be installed from:
      🔨 https://plugins.jetbrains.com/plugin/9212-flutter
    • Dart plugin can be installed from:
      🔨 https://plugins.jetbrains.com/plugin/6351-dart
    • Java version OpenJDK Runtime Environment (build 17.0.6+0-b2043.56-9586694)

[✓] VS Code (version 1.79.2)
    • VS Code at C:\Users\Training\AppData\Local\Programs\Microsoft VS Code
    • Flutter extension version 3.66.0

[✓] Connected device (3 available)
    • Windows (desktop) • windows • windows-x64    • Microsoft Windows [Version 10.0.22621.1702]
    • Chrome (web)      • chrome  • web-javascript • Google Chrome 114.0.5735.110
    • Edge (web)        • edge    • web-javascript • Microsoft Edge 114.0.1823.51

[!] Network resources
    ✗ A cryptographic error occurred while checking "https://github.com/": Connection terminated during handshake
      You may be experiencing a man-in-the-middle attack, your network may be compromised, or you may have malware installed on your computer.

! Doctor found issues in 1 category.
```
